<?xml version="1.0" encoding="UTF-8"?>
<!-- Generated by org.testng.reporters.JUnitReportReporter -->
<testsuite hostname="rameshs-MacBook-Pro.local" name="com.verity.sampletests.SampleTest" tests="1" failures="0" timestamp="17 May 2017 21:30:42 GMT" time="4.052" errors="0">
  <testcase name="testingGrid" time="4.052" classname="com.verity.sampletests.SampleTest"/>
</testsuite> <!-- com.verity.sampletests.SampleTest -->
